[2018-10-17 19:49:33,730 - GDC - INFO] 50 Normal samples, 375 Tumor samples 
[2018-10-17 20:00:24,589 - GDC - INFO] Percentage of tumor cases in training set is 0.8754208754208754
[2018-10-17 20:00:24,589 - GDC - INFO] Percentage of tumor cases in test set is 0.8984375
[2018-10-17 20:00:31,264 - GDC - INFO] selected features are [88, 185, 505, 969, 1099]
[2018-10-17 20:00:44,381 - GDC - INFO] scores are {'LogisticRegression': [0.9572649572649573, 0.9375, 0.9655172413793104, 0.9739130434782609, 0.6153846153846154], 'ExtraTreesClassifier': [0.9821428571428571, 0.9453125, 0.9691629955947136, 0.9565217391304348, 0.8461538461538461], 'RandomForestClassifier': [0.9824561403508771, 0.9609375, 0.9781659388646288, 0.9739130434782609, 0.8461538461538461], 'AdaBoostClassifier': [0.9824561403508771, 0.9609375, 0.9781659388646288, 0.9739130434782609, 0.8461538461538461], 'GradientBoostingClassifier': [0.9655172413793104, 0.9453125, 0.9696969696969697, 0.9739130434782609, 0.6923076923076923], 'SVC': [0.9576271186440678, 0.9453125, 0.9699570815450643, 0.9826086956521739, 0.6153846153846154]}
[2018-10-18 00:07:53,521 - GDC - INFO] ====start checking====
[2018-10-18 00:08:36,859 - GDC - INFO] ====start checking====
[2018-10-18 00:14:24,304 - GDC - INFO] ====start checking====
[2018-10-18 00:26:33,914 - GDC - INFO] successful downloads
[2018-10-18 00:26:33,915 - GDC - INFO] ====check finished====
[2018-10-18 22:19:47,878 - GDC - INFO] Percentage of tumor cases in training set is 1.3170398009950248
[2018-10-18 22:19:48,002 - GDC - INFO] Percentage of tumor cases in test set is 1.2809053975623912
[2018-10-18 22:27:35,752 - GDC - INFO] selected features are [116, 268, 283, 406, 506, 636, 1382]
[2018-10-18 22:35:09,163 - GDC - INFO] Percentage of tumor cases in training set is 1.3170398009950248
[2018-10-18 22:35:09,188 - GDC - INFO] Percentage of tumor cases in test set is 1.2809053975623912
[2018-10-18 22:42:50,312 - GDC - INFO] selected features are [116, 268, 283, 406, 506, 636, 1382]
[2018-10-18 22:47:40,178 - GDC - INFO] Percentage of tumor cases in training set is 1.3170398009950248
[2018-10-18 22:47:40,179 - GDC - INFO] Percentage of tumor cases in test set is 1.2809053975623912
[2018-10-18 22:55:23,452 - GDC - INFO] selected features are [116, 268, 283, 406, 506, 636, 1382]
[2018-10-18 22:58:30,484 - GDC - INFO] scores are {'LogisticRegression': [0.8940800928612884, 0.8940800928612884, 0.8940800928612884, 0.8940800928612884, -0.0], 'ExtraTreesClassifier': [0.9007544979686594, 0.9007544979686594, 0.9007544979686594, 0.9007544979686594, -0.007231404958677686], 'RandomForestClassifier': [0.9027858386535114, 0.9027858386535114, 0.9027858386535114, 0.9027858386535114, -0.010330578512396695], 'AdaBoostClassifier': [0.8789901334881022, 0.8789901334881022, 0.8789901334881023, 0.8789901334881022, -0.0], 'GradientBoostingClassifier': [0.8662217063261752, 0.8662217063261752, 0.8662217063261751, 0.8662217063261752, -0.009297520661157025], 'SVC': [0.8955310504933256, 0.8955310504933256, 0.8955310504933256, 0.8955310504933256, -0.0]}
[2018-10-18 23:08:47,657 - GDC - INFO] Percentage of tumor cases in training set is 1.3170398009950248
[2018-10-18 23:08:47,663 - GDC - INFO] Percentage of tumor cases in test set is 1.2809053975623912
[2018-10-18 23:15:32,808 - GDC - INFO] Percentage of tumor cases in training set is 1.3170398009950248
[2018-10-18 23:15:32,810 - GDC - INFO] Percentage of tumor cases in test set is 1.2809053975623912
[2018-10-18 23:37:16,980 - GDC - INFO] selected features are [116, 268, 283, 406, 506, 636, 1382]
[2018-10-18 23:58:06,442 - GDC - INFO] Percentage of tumor cases in training set is 1.3170398009950248
[2018-10-18 23:58:06,444 - GDC - INFO] Percentage of tumor cases in test set is 1.2809053975623912
[2018-10-19 00:04:38,924 - GDC - INFO] selected features are [116, 268, 283, 406, 506, 636, 1382]
[2018-10-19 00:09:41,530 - GDC - INFO] scores are {'LogisticRegression': [0.8940800928612884, 0.8940800928612884, 0.8940800928612884, 0.8940800928612884, 0.0], 'ExtraTreesClassifier': [0.9007544979686594, 0.9007544979686594, 0.9007544979686594, 0.9007544979686594, 0.035], 'RandomForestClassifier': [0.9027858386535114, 0.9027858386535114, 0.9027858386535114, 0.9027858386535114, 0.05], 'AdaBoostClassifier': [0.8789901334881022, 0.8789901334881022, 0.8789901334881023, 0.8789901334881022, 0.0], 'GradientBoostingClassifier': [0.8662217063261752, 0.8662217063261752, 0.8662217063261751, 0.8662217063261752, 0.045], 'SVC': [0.8955310504933256, 0.8955310504933256, 0.8955310504933256, 0.8955310504933256, 0.0]}
[2018-10-19 01:49:13,825 - GDC - INFO] Percentage of tumor cases in training set is 22.812686567164178
[2018-10-19 01:49:13,828 - GDC - INFO] Percentage of tumor cases in test set is 22.724027858386535
[2018-10-19 01:56:54,169 - GDC - INFO] selected features are [26, 191, 240, 286, 588, 1848, 1879]
[2018-10-19 10:28:36,294 - GDC - INFO] scores are {'LogisticRegression': [0.4329657573998839, 0.4329657573998839, 0.4329657573998839, 0.4329657573998839, 1.3670212765957446], 'ExtraTreesClassifier': [0.5330818340104468, 0.5330818340104468, 0.5330818340104468, 0.5330818340104468, 1.2925531914893618], 'RandomForestClassifier': [0.5612304120719674, 0.5612304120719674, 0.5612304120719674, 0.5612304120719674, 1.2553191489361701], 'AdaBoostClassifier': [0.21648287869994196, 0.21648287869994196, 0.21648287869994196, 0.21648287869994196, 0.0], 'GradientBoostingClassifier': [0.07399883923389437, 0.07399883923389437, 0.07399883923389437, 0.07399883923389437, 0.0], 'SVC': [0.334881021474173, 0.334881021474173, 0.334881021474173, 0.334881021474173, 1.547872340425532]}
[2018-10-19 20:44:29,265 - GDC - INFO] Percentage of tumor cases in training set is 22.812686567164178
[2018-10-19 20:44:29,266 - GDC - INFO] Percentage of tumor cases in test set is 22.724027858386535
[2018-10-19 20:52:17,795 - GDC - INFO] selected features are [26, 191, 240, 286, 588, 1848, 1879]
[2018-10-19 22:15:48,219 - GDC - INFO] Percentage of tumor cases in training set is 1.3170398009950248
[2018-10-19 22:15:48,221 - GDC - INFO] Percentage of tumor cases in test set is 1.2809053975623912
[2018-10-19 22:22:16,110 - GDC - INFO] selected features are [116, 268, 283, 406, 506, 636, 1382]
[2018-10-19 22:24:46,766 - GDC - INFO] scores are {'LogisticRegression': [0.3403238128095813, 0.8940800928612884, 0.30135317360787417, 0.2878287714941101, 0.0], 'ExtraTreesClassifier': [0.5013721365539281, 0.9007544979686594, 0.4463076753595427, 0.42381113640675394, 0.035], 'RandomForestClassifier': [0.35228399865279203, 0.9027858386535114, 0.2975953306996226, 0.2848956554733447, 0.05], 'AdaBoostClassifier': [0.13090895387398252, 0.8789901334881022, 0.1495412765255862, 0.18387118193891103, 0.0], 'GradientBoostingClassifier': [0.2635600501201235, 0.8662217063261752, 0.20596210515813623, 0.23149740719661036, 0.045], 'SVC': [0.3278847719586903, 0.8955310504933256, 0.25329730518211424, 0.2342177322456207, 0.0]}
[2018-10-20 00:38:48,191 - GDC - INFO] selected features are [26, 92, 116, 337, 352, 357]
[2018-10-20 01:00:33,747 - GDC - INFO] selected features are [26, 92, 116, 337, 352, 357]
[2018-10-20 01:22:40,732 - GDC - INFO] selected features are [26, 92, 116, 337, 352, 357]
[2018-10-20 01:40:53,128 - GDC - INFO] selected features are [26, 92, 116, 337, 352, 357]
[2018-10-20 02:27:28,937 - GDC - INFO] selected features are [26, 195, 240, 286, 306, 1148, 1848]
[2018-10-20 10:03:26,691 - GDC - INFO] scores are {'LogisticRegression': [0.21607202155434566, 0.4474753337202554, 0.16620205085450201, 0.17749634728656294, 0.32], 'ExtraTreesClassifier': [0.28579717977068697, 0.545269878119559, 0.2646572029123586, 0.2646914851494202, 0.575], 'RandomForestClassifier': [0.3278467762439669, 0.5867672663958212, 0.30009166237192575, 0.30108673742780934, 0.64], 'AdaBoostClassifier': [0.05474636155044426, 0.2066163668020894, 0.051062891139125224, 0.07059570707202104, 0.0], 'GradientBoostingClassifier': [0.007131583515331518, 0.025246662797446313, 0.006700630912456987, 0.019395925403385136, 0.0], 'SVC': [0.15486757623171624, 0.3540336622170633, 0.1116393576668628, 0.13289727244046912, 0.31]}
[2018-10-20 19:25:11,785 - GDC - INFO] selected features are [26, 240, 286, 306, 1148, 1848]
[2018-10-20 20:05:49,466 - GDC - INFO] scores are {'LogisticRegression': [0.16037818496050787, 0.43733681462140994, 0.1541094333822336, 0.16830222699464015, 0.3357142857142857], 'ExtraTreesClassifier': [0.25058054519489176, 0.5265448215839861, 0.24158957779781945, 0.24624002457792724, 0.5571428571428572], 'RandomForestClassifier': [0.3211843629066439, 0.5552654482158399, 0.3054154032066945, 0.3057530277013344, 0.55], 'AdaBoostClassifier': [0.054743231744333286, 0.21801566579634465, 0.05176831142239054, 0.07412612664497366, 0.0], 'GradientBoostingClassifier': [0.0014441791127184388, 0.034377719756309835, 0.0026720077658415457, 0.022128661505307682, 0.0], 'SVC': [0.12797303001753554, 0.3468233246301131, 0.09992711372958117, 0.124038319116494, 0.30714285714285716]}
[2018-10-20 22:30:47,939 - GDC - INFO] selected features are [26, 240, 286, 306, 1148, 1848]
[2018-10-20 23:52:06,119 - GDC - INFO] selected features are [26, 240, 286, 306, 1148, 1848]
[2018-10-21 01:44:49,556 - GDC - INFO] selected features are [26, 240, 286, 306, 588, 1148, 1848]
[2018-10-21 17:45:43,211 - GDC - INFO] selected features are [26, 240, 286, 306, 588, 1148, 1848]
[2018-10-21 18:12:57,600 - GDC - INFO] scores are {'LogisticRegression': [0.2923735720012378, 0.4621409921671018, 0.27498104739403056, 0.2982140609317176, 0.3055555555555556], 'ExtraTreesClassifier': [0.43618363187247855, 0.5587467362924282, 0.4228911274690997, 0.4258393135931443, 0.5277777777777778], 'RandomForestClassifier': [0.4646565726636668, 0.5822454308093995, 0.46005124572466943, 0.468674665926721, 0.5138888888888888], 'AdaBoostClassifier': [0.16608433830716612, 0.21409921671018275, 0.1232815275579705, 0.16897484679411948, 0.013888888888888888], 'GradientBoostingClassifier': [0.026456568556167296, 0.04003481288076589, 0.00908387088123644, 0.04090737928565256, 0.0], 'SVC': [0.22944660341466613, 0.37597911227154046, 0.19386088662876327, 0.23165945858675835, 0.3194444444444444]}
[2018-10-21 18:29:18,304 - GDC - INFO] selected features are [26, 240, 286, 306, 588, 1148, 1848]
[2018-10-21 18:45:25,341 - GDC - INFO] scores are {'LogisticRegression': [array([0.19939577, 0.38872832, 0.36170213, 0.        , 0.        ,
       0.38356164, 0.        , 0.32911392, 0.23529412, 0.57281553,
       0.35526316, 0.71111111, 0.        , 0.        , 0.        ,
       0.        , 0.        , 0.        , 0.        , 0.        ,
       0.        , 0.76923077, 0.73295455, 0.98224852, 0.17857143,
       0.3       , 0.68926554, 0.89361702]), 0.4506674405107371, array([0.24858757, 0.53639083, 0.15813953, 0.        , 0.        ,
       0.50806452, 0.        , 0.24880383, 0.27383863, 0.40972222,
       0.25      , 0.52892562, 0.        , 0.        , 0.        ,
       0.        , 0.        , 0.        , 0.        , 0.        ,
       0.        , 0.75      , 0.74244604, 0.9851632 , 0.06369427,
       0.42477876, 0.72619048, 0.875     ]), array([0.33      , 0.86495177, 0.10119048, 0.        , 0.        ,
       0.75223881, 0.        , 0.2       , 0.32748538, 0.31891892,
       0.19285714, 0.42105263, 0.        , 0.        , 0.        ,
       0.        , 0.        , 0.        , 0.        , 0.        ,
       0.        , 0.73170732, 0.75218659, 0.98809524, 0.03875969,
       0.72727273, 0.7672956 , 0.85714286]), 0.33], 'ExtraTreesClassifier': [array([0.555     , 0.50869565, 0.25157233, 0.5483871 , 0.13888889,
       0.62935323, 0.28571429, 0.26241135, 0.29959514, 0.575     ,
       0.47741935, 0.75757576, 0.12307692, 0.2875    , 0.63636364,
       0.66666667, 0.        , 0.        , 0.5       , 0.25925926,
       0.14285714, 0.79310345, 0.81350482, 0.99401198, 0.28571429,
       0.56687898, 0.7625    , 0.87755102]), 0.5414973882762624, array([0.555     , 0.60700389, 0.24464832, 0.56666667, 0.09009009,
       0.68656716, 0.25      , 0.27306273, 0.35406699, 0.5974026 ,
       0.50169492, 0.70422535, 0.07881773, 0.25      , 0.46666667,
       0.28571429, 0.        , 0.        , 0.18181818, 0.19178082,
       0.06666667, 0.81656805, 0.77370031, 0.99104478, 0.27419355,
       0.61591696, 0.76489028, 0.87755102]), array([0.555     , 0.75241158, 0.23809524, 0.5862069 , 0.06666667,
       0.75522388, 0.22222222, 0.28461538, 0.43274854, 0.62162162,
       0.52857143, 0.65789474, 0.05797101, 0.22115385, 0.36842105,
       0.18181818, 0.        , 0.        , 0.11111111, 0.15217391,
       0.04347826, 0.84146341, 0.73760933, 0.98809524, 0.26356589,
       0.67424242, 0.7672956 , 0.87755102]), 0.555], 'RandomForestClassifier': [array([0.50925926, 0.57582938, 0.27717391, 0.55263158, 0.21428571,
       0.67647059, 0.33783784, 0.30379747, 0.37552743, 0.595     ,
       0.55033557, 0.77333333, 0.2       , 0.31707317, 0.76190476,
       0.58333333, 0.        , 0.        , 0.        , 0.25      ,
       0.21428571, 0.8313253 , 0.82445141, 0.98809524, 0.3740458 ,
       0.57142857, 0.84459459, 0.95555556]), 0.5763203714451538, array([0.52884615, 0.66302865, 0.28977273, 0.62686567, 0.11650485,
       0.71368124, 0.30487805, 0.33333333, 0.43627451, 0.61818182,
       0.56747405, 0.76821192, 0.11398964, 0.27956989, 0.54237288,
       0.41176471, 0.        , 0.        , 0.        , 0.20512821,
       0.12371134, 0.83636364, 0.79456193, 0.98809524, 0.37692308,
       0.62798635, 0.81433225, 0.91489362]), array([0.55      , 0.78135048, 0.30357143, 0.72413793, 0.08      ,
       0.75522388, 0.27777778, 0.36923077, 0.52046784, 0.64324324,
       0.58571429, 0.76315789, 0.07971014, 0.25      , 0.42105263,
       0.31818182, 0.        , 0.        , 0.        , 0.17391304,
       0.08695652, 0.84146341, 0.76676385, 0.98809524, 0.37984496,
       0.6969697 , 0.78616352, 0.87755102]), 0.55], 'AdaBoostClassifier': [array([0.        , 0.23404255, 0.        , 0.        , 0.        ,
       0.        , 0.        , 0.        , 0.        , 0.07246377,
       0.        , 0.22222222, 0.        , 0.        , 0.33333333,
       0.        , 0.        , 0.        , 0.        , 0.        ,
       0.        , 0.40268456, 0.11466039, 0.        , 0.04      ,
       0.        , 0.        , 0.        ]), 0.12710388856645385, array([0.        , 0.06145251, 0.        , 0.        , 0.        ,
       0.        , 0.        , 0.        , 0.        , 0.0619195 ,
       0.        , 0.04705882, 0.        , 0.        , 0.32432432,
       0.        , 0.        , 0.        , 0.        , 0.        ,
       0.        , 0.51948052, 0.20560748, 0.        , 0.02234637,
       0.        , 0.        , 0.        ]), array([0.        , 0.03536977, 0.        , 0.        , 0.        ,
       0.        , 0.        , 0.        , 0.        , 0.05405405,
       0.        , 0.02631579, 0.        , 0.        , 0.31578947,
       0.        , 0.        , 0.        , 0.        , 0.        ,
       0.        , 0.73170732, 0.9941691 , 0.        , 0.01550388,
       0.        , 0.        , 0.        ]), 0.0], 'GradientBoostingClassifier': [array([0.        , 0.        , 0.        , 0.        , 0.        ,
       0.        , 0.        , 0.        , 0.        , 0.        ,
       0.        , 0.        , 0.        , 0.        , 0.        ,
       0.        , 0.        , 0.        , 0.        , 0.01408451,
       0.        , 0.78461538, 0.5       , 0.        , 0.04545455,
       0.0070922 , 0.00432526, 0.        ]), 0.022344747533372025, array([0.        , 0.        , 0.        , 0.        , 0.        ,
       0.        , 0.        , 0.        , 0.        , 0.        ,
       0.        , 0.        , 0.        , 0.        , 0.        ,
       0.        , 0.        , 0.        , 0.        , 0.01709402,
       0.        , 0.69387755, 0.0057971 , 0.        , 0.0610687 ,
       0.00966184, 0.00809389, 0.        ]), array([0.        , 0.        , 0.        , 0.        , 0.        ,
       0.        , 0.        , 0.        , 0.        , 0.        ,
       0.        , 0.        , 0.        , 0.        , 0.        ,
       0.        , 0.        , 0.        , 0.        , 0.02173913,
       0.        , 0.62195122, 0.00291545, 0.        , 0.09302326,
       0.01515152, 0.06289308, 0.        ]), 0.0], 'SVC': [array([0.19607843, 0.3262987 , 0.28571429, 0.        , 0.        ,
       0.45493562, 0.        , 0.46666667, 0.11073254, 0.72727273,
       0.16666667, 0.        , 0.        , 0.        , 0.        ,
       0.        , 0.        , 0.        , 0.        , 0.        ,
       0.        , 0.71428571, 0.84337349, 1.        , 0.        ,
       0.16713483, 0.50678733, 0.93181818]), 0.3537434706906558, array([0.23715415, 0.43365696, 0.02285714, 0.        , 0.        ,
       0.52933833, 0.        , 0.09655172, 0.17150396, 0.15458937,
       0.05882353, 0.        , 0.        , 0.        , 0.        ,
       0.        , 0.        , 0.        , 0.        , 0.        ,
       0.        , 0.11235955, 0.70945946, 0.98795181, 0.        ,
       0.28199052, 0.58947368, 0.88172043]), array([0.3       , 0.64630225, 0.01190476, 0.        , 0.        ,
       0.63283582, 0.        , 0.05384615, 0.38011696, 0.08648649,
       0.03571429, 0.        , 0.        , 0.        , 0.        ,
       0.        , 0.        , 0.        , 0.        , 0.        ,
       0.        , 0.06097561, 0.6122449 , 0.97619048, 0.        ,
       0.90151515, 0.70440252, 0.83673469]), 0.3]}
[2018-10-21 20:01:57,006 - GDC - INFO] selected features are [26, 78, 119, 141, 187, 195, 240, 252, 273, 276, 286, 306, 352, 500, 515, 588, 593, 1148, 1337, 1362, 1364, 1504, 1579, 1848, 1879]
[2018-10-21 20:20:44,640 - GDC - INFO] scores are {'LogisticRegression': [0.7659692349568916, 0.7582704585026118, 0.6569187935422142, 0.6486115985172017, 0.49], 'ExtraTreesClassifier': [0.849336842973921, 0.820661636680209, 0.7582164290068976, 0.7430622611452694, 0.765], 'RandomForestClassifier': [0.8652699747119488, 0.8473592571096924, 0.8138819240790405, 0.7975700009772836, 0.77], 'AdaBoostClassifier': [0.22463874936991554, 0.3578061520603598, 0.20940669242511917, 0.26301133353355927, 0.03], 'GradientBoostingClassifier': [0.030575989112281234, 0.051363900174114914, 0.011178547736477995, 0.043638118284216286, 0.0], 'SVC': [0.5877280945517757, 0.6883343006384214, 0.5301578616024669, 0.533979950422845, 0.525]}
[2018-10-21 20:35:43,758 - GDC - INFO] selected features are [26, 78, 119, 141, 187, 195, 240, 252, 273, 276, 286, 306, 352, 500, 515, 588, 593, 1148, 1337, 1362, 1364, 1504, 1579, 1848, 1879]
[2018-10-21 20:48:37,327 - GDC - INFO] scores are {'GradientBoostingClassifier': [0.8144387806660995, 0.807893209518282, 0.7607558998908928, 0.7506561166185811, 0.625]}
[2018-10-21 21:13:10,298 - GDC - INFO] selected features are [26, 78, 119, 141, 187, 195, 240, 252, 273, 276, 286, 306, 352, 500, 515, 588, 593, 1148, 1337, 1362, 1364, 1504, 1579, 1848, 1879]
[2018-10-21 21:13:54,788 - GDC - INFO] scores are {'AdaBoostClassifier': [0.2189890172200953, 0.3601276842716193, 0.19026164853379646, 0.22866307994286986, 0.05]}
[2018-10-21 21:33:05,414 - GDC - INFO] selected features are [26, 78, 119, 141, 187, 195, 240, 252, 273, 276, 286, 306, 352, 500, 515, 588, 593, 1148, 1337, 1362, 1364, 1504, 1579, 1848, 1879]
[2018-10-21 21:33:47,903 - GDC - INFO] scores are {'AdaBoostClassifier': [0.1964619938315262, 0.3125362739408009, 0.13879246864179773, 0.16519812379536872, 0.275]}
[2018-10-21 21:42:53,709 - GDC - INFO] selected features are [26, 78, 119, 141, 187, 195, 240, 252, 273, 276, 286, 306, 352, 500, 515, 588, 593, 1148, 1337, 1362, 1364, 1504, 1579, 1848, 1879]
[2018-10-21 21:43:35,658 - GDC - INFO] scores are {'AdaBoostClassifier': [0.2189890172200953, 0.3601276842716193, 0.19026164853379646, 0.22866307994286986, 0.05]}
[2018-10-22 19:38:36,694 - GDC - INFO] selected features are [26, 78, 119, 141, 187, 195, 240, 252, 273, 276, 286, 306, 352, 500, 515, 588, 593, 1148, 1337, 1362, 1364, 1504, 1579, 1848, 1879]
[2018-10-22 19:48:48,273 - GDC - INFO] selected features are [26, 78, 119, 141, 187, 195, 240, 252, 273, 276, 286, 306, 352, 500, 515, 588, 593, 1148, 1337, 1362, 1364, 1504, 1579, 1848, 1879]
[2018-10-22 19:49:55,227 - GDC - INFO] scores are {'MLPClassifier': [0.7238226937928067, 0.7904817179338364, 0.7115815056838145, 0.7118349413931976, 0.69]}
[2018-10-22 20:02:41,118 - GDC - INFO] selected features are [26, 78, 119, 141, 187, 195, 240, 252, 273, 276, 286, 306, 352, 500, 515, 588, 593, 1148, 1337, 1362, 1364, 1504, 1579, 1848, 1879]
[2018-10-22 20:22:29,520 - GDC - INFO] scores are {'LogisticRegression': [0.7659692349568916, 0.7582704585026118, 0.6569187935422142, 0.6486115985172017, 0.49], 'ExtraTreesClassifier': [0.849336842973921, 0.820661636680209, 0.7582164290068976, 0.7430622611452694, 0.765], 'RandomForestClassifier': [0.8652699747119488, 0.8473592571096924, 0.8138819240790405, 0.7975700009772836, 0.77], 'GradientBoostingClassifier': [0.8142915336979387, 0.8076030179918746, 0.7606263067223048, 0.7505519933366154, 0.625], 'SVC': [0.5877280945517757, 0.6883343006384214, 0.5301578616024669, 0.533979950422845, 0.525]}
